<?xml version="1.0" encoding="UTF-8"?>
<!-- Generated by org.testng.reporters.JUnitReportReporter -->
<testsuite skipped="0" hostname="NETHMI-PC" name="tests.LoginTest" tests="1" failures="0" timestamp="2020-06-10T14:28:37 IST" time="2.866" errors="0">
  <testcase name="loginTest" time="2.866" classname="tests.LoginTest"/>
  <system-out/>
</testsuite> <!-- tests.LoginTest -->
